2026-04-20 00:48:36,479 INFO o.a.j.u.JMeterUtils: Setting Locale to en_EN
2026-04-20 00:48:36,490 INFO o.a.j.JMeter: Loading user properties from: /opt/homebrew/Cellar/jmeter/5.6.3/libexec/bin/user.properties
2026-04-20 00:48:36,490 INFO o.a.j.JMeter: Loading system properties from: /opt/homebrew/Cellar/jmeter/5.6.3/libexec/bin/system.properties
2026-04-20 00:48:36,493 INFO o.a.j.JMeter: Copyright (c) 1998-2024 The Apache Software Foundation
2026-04-20 00:48:36,493 INFO o.a.j.JMeter: Version 5.6.3
2026-04-20 00:48:36,493 INFO o.a.j.JMeter: java.version=21.0.10
2026-04-20 00:48:36,493 INFO o.a.j.JMeter: java.vm.name=OpenJDK 64-Bit Server VM
2026-04-20 00:48:36,493 INFO o.a.j.JMeter: os.name=Mac OS X
2026-04-20 00:48:36,493 INFO o.a.j.JMeter: os.arch=aarch64
2026-04-20 00:48:36,493 INFO o.a.j.JMeter: os.version=26.4.1
2026-04-20 00:48:36,493 INFO o.a.j.JMeter: file.encoding=UTF-8
2026-04-20 00:48:36,493 INFO o.a.j.JMeter: java.awt.headless=true
2026-04-20 00:48:36,493 INFO o.a.j.JMeter: Max memory     =1073741824
2026-04-20 00:48:36,493 INFO o.a.j.JMeter: Available Processors =14
2026-04-20 00:48:36,498 INFO o.a.j.JMeter: Default Locale=English (EN)
2026-04-20 00:48:36,498 INFO o.a.j.JMeter: JMeter  Locale=English (EN)
2026-04-20 00:48:36,498 INFO o.a.j.JMeter: JMeterHome=/opt/homebrew/Cellar/jmeter/5.6.3/libexec
2026-04-20 00:48:36,498 INFO o.a.j.JMeter: user.dir  =/Users/makhmudovama/Documents/ITMO/3_course/TPO/tpo_lab4
2026-04-20 00:48:36,498 INFO o.a.j.JMeter: PWD       =/Users/makhmudovama/Documents/ITMO/3_course/TPO/tpo_lab4
2026-04-20 00:48:36,501 INFO o.a.j.JMeter: IP: 127.0.0.1 Name: MacBook-Pro-Maria.local FullName: localhost
2026-04-20 00:48:36,507 INFO o.a.j.s.FileServer: Default base='/Users/makhmudovama/Documents/ITMO/3_course/TPO/tpo_lab4'
2026-04-20 00:48:36,508 INFO o.a.j.s.FileServer: Set new base='/Users/makhmudovama/Documents/ITMO/3_course/TPO/tpo_lab4'
2026-04-20 00:48:36,577 INFO o.a.j.s.SaveService: Testplan (JMX) version: 2.2. Testlog (JTL) version: 2.2
2026-04-20 00:48:36,590 INFO o.a.j.s.SaveService: Using SaveService properties version 5.0
2026-04-20 00:48:36,591 INFO o.a.j.s.SaveService: Using SaveService properties file encoding UTF-8
2026-04-20 00:48:36,592 INFO o.a.j.s.SaveService: Loading file: stress_test.jmx
2026-04-20 00:48:36,614 INFO o.a.j.p.h.s.HTTPSamplerBase: Parser for text/html is org.apache.jmeter.protocol.http.parser.LagartoBasedHtmlParser
2026-04-20 00:48:36,615 INFO o.a.j.p.h.s.HTTPSamplerBase: Parser for application/xhtml+xml is org.apache.jmeter.protocol.http.parser.LagartoBasedHtmlParser
2026-04-20 00:48:36,615 INFO o.a.j.p.h.s.HTTPSamplerBase: Parser for application/xml is org.apache.jmeter.protocol.http.parser.LagartoBasedHtmlParser
2026-04-20 00:48:36,615 INFO o.a.j.p.h.s.HTTPSamplerBase: Parser for text/xml is org.apache.jmeter.protocol.http.parser.LagartoBasedHtmlParser
2026-04-20 00:48:36,615 INFO o.a.j.p.h.s.HTTPSamplerBase: Parser for text/vnd.wap.wml is org.apache.jmeter.protocol.http.parser.RegexpHTMLParser
2026-04-20 00:48:36,615 INFO o.a.j.p.h.s.HTTPSamplerBase: Parser for text/css is org.apache.jmeter.protocol.http.parser.CssParser
2026-04-20 00:48:36,634 INFO o.a.j.JMeter: Creating summariser <summary>
2026-04-20 00:48:36,640 INFO o.a.j.e.StandardJMeterEngine: Running the test!
2026-04-20 00:48:36,640 INFO o.a.j.s.SampleEvent: List of sample_variables: []
2026-04-20 00:48:36,640 INFO o.a.j.s.SampleEvent: List of sample_variables: []
2026-04-20 00:48:36,642 INFO o.a.j.e.u.CompoundVariable: Note: Function class names must contain the string: '.functions.'
2026-04-20 00:48:36,642 INFO o.a.j.e.u.CompoundVariable: Note: Function class names must not contain the string: '.gui.'
2026-04-20 00:48:36,668 INFO o.a.j.r.ClassFinder: Will scan jar /opt/homebrew/Cellar/jmeter/5.6.3/libexec/lib/ext/jmeter-plugins-manager-1.9.jar with filter ExtendsClassFilter [parents=[interface org.apache.jmeter.functions.Function], inner=false, contains=null, notContains=null]. Consider exposing JMeter plugins via META-INF/services, and add JMeter-Skip-Class-Scanning=true manifest attribute so JMeter can skip classfile scanning
2026-04-20 00:48:36,704 INFO o.a.j.r.ClassFinder: Will scan jar /opt/homebrew/Cellar/jmeter/5.6.3/libexec/lib/ext/jmeter-plugins-cmn-jmeter-0.8.jar with filter ExtendsClassFilter [parents=[interface org.apache.jmeter.functions.Function], inner=false, contains=null, notContains=null]. Consider exposing JMeter plugins via META-INF/services, and add JMeter-Skip-Class-Scanning=true manifest attribute so JMeter can skip classfile scanning
2026-04-20 00:48:36,715 INFO o.a.j.r.ClassFinder: Will scan jar /opt/homebrew/Cellar/jmeter/5.6.3/libexec/lib/ext/jmeter-plugins-casutg-2.10.jar with filter ExtendsClassFilter [parents=[interface org.apache.jmeter.functions.Function], inner=false, contains=null, notContains=null]. Consider exposing JMeter plugins via META-INF/services, and add JMeter-Skip-Class-Scanning=true manifest attribute so JMeter can skip classfile scanning
2026-04-20 00:48:36,725 INFO o.a.j.JMeter: Running test (1776635316725)
2026-04-20 00:48:36,732 INFO o.a.j.e.StandardJMeterEngine: Starting ThreadGroup: 1 : Step 1 - 2 Users
2026-04-20 00:48:36,732 INFO o.a.j.e.StandardJMeterEngine: Starting 2 threads for group Step 1 - 2 Users.
2026-04-20 00:48:36,732 INFO o.a.j.e.StandardJMeterEngine: Thread will continue on error
2026-04-20 00:48:36,732 INFO o.a.j.t.ThreadGroup: Starting thread group... number=1 threads=2 ramp-up=5 delayedStart=false
2026-04-20 00:48:36,733 INFO o.a.j.t.ThreadGroup: Started thread group number 1
2026-04-20 00:48:36,733 INFO o.a.j.e.StandardJMeterEngine: Waiting for thread group: Step 1 - 2 Users to finish before starting next group
2026-04-20 00:48:36,734 INFO o.a.j.t.JMeterThread: Thread started: Step 1 - 2 Users 1-1
2026-04-20 00:48:39,238 INFO o.a.j.t.JMeterThread: Thread started: Step 1 - 2 Users 1-2
2026-04-20 00:48:39,760 INFO o.a.j.p.h.s.HTTPHCAbstractImpl: Local host = MacBook-Pro-Maria.local
2026-04-20 00:48:39,764 INFO o.a.j.p.h.s.HTTPHC4Impl: HTTP request retry count = 0
2026-04-20 00:48:39,765 INFO o.a.j.s.SampleResult: Note: Sample TimeStamps are START times
2026-04-20 00:48:39,765 INFO o.a.j.s.SampleResult: sampleresult.default.encoding is set to UTF-8
2026-04-20 00:48:39,765 INFO o.a.j.s.SampleResult: sampleresult.useNanoTime=true
2026-04-20 00:48:39,765 INFO o.a.j.s.SampleResult: sampleresult.nanoThreadSleep=5000
2026-04-20 00:49:00,482 INFO o.a.j.r.Summariser: summary +     13 in 00:00:24 =    0.5/s Avg:   378 Min:   358 Max:   448 Err:     0 (0.00%) Active: 2 Started: 2 Finished: 0
2026-04-20 00:49:30,869 INFO o.a.j.r.Summariser: summary +     18 in 00:00:30 =    0.6/s Avg:   372 Min:   357 Max:   431 Err:     0 (0.00%) Active: 2 Started: 2 Finished: 0
2026-04-20 00:49:30,871 INFO o.a.j.r.Summariser: summary =     31 in 00:00:54 =    0.6/s Avg:   375 Min:   357 Max:   448 Err:     0 (0.00%)
2026-04-20 00:50:00,575 INFO o.a.j.r.Summariser: summary +     17 in 00:00:30 =    0.6/s Avg:   387 Min:   356 Max:   495 Err:     0 (0.00%) Active: 2 Started: 2 Finished: 0
2026-04-20 00:50:00,577 INFO o.a.j.r.Summariser: summary =     48 in 00:01:24 =    0.6/s Avg:   379 Min:   356 Max:   495 Err:     0 (0.00%)
2026-04-20 00:50:03,981 INFO o.a.j.t.JMeterThread: Thread finished: Step 1 - 2 Users 1-2
2026-04-20 00:50:04,656 INFO o.a.j.t.JMeterThread: Thread finished: Step 1 - 2 Users 1-1
2026-04-20 00:50:04,657 INFO o.a.j.e.StandardJMeterEngine: Starting ThreadGroup: 2 : Step 2 - 4 Users
2026-04-20 00:50:04,657 INFO o.a.j.e.StandardJMeterEngine: Starting 4 threads for group Step 2 - 4 Users.
2026-04-20 00:50:04,657 INFO o.a.j.e.StandardJMeterEngine: Thread will continue on error
2026-04-20 00:50:04,657 INFO o.a.j.t.ThreadGroup: Starting thread group... number=2 threads=4 ramp-up=5 delayedStart=false
2026-04-20 00:50:04,659 INFO o.a.j.t.JMeterThread: Thread started: Step 2 - 4 Users 2-1
2026-04-20 00:50:04,661 INFO o.a.j.t.ThreadGroup: Started thread group number 2
2026-04-20 00:50:04,661 INFO o.a.j.e.StandardJMeterEngine: Waiting for thread group: Step 2 - 4 Users to finish before starting next group
2026-04-20 00:50:05,913 INFO o.a.j.t.JMeterThread: Thread started: Step 2 - 4 Users 2-2
2026-04-20 00:50:07,163 INFO o.a.j.t.JMeterThread: Thread started: Step 2 - 4 Users 2-3
2026-04-20 00:50:08,412 INFO o.a.j.t.JMeterThread: Thread started: Step 2 - 4 Users 2-4
2026-04-20 00:50:30,925 INFO o.a.j.r.Summariser: summary +     30 in 00:00:30 =    1.0/s Avg:   402 Min:   361 Max:   569 Err:     0 (0.00%) Active: 4 Started: 6 Finished: 2
2026-04-20 00:50:30,926 INFO o.a.j.r.Summariser: summary =     78 in 00:01:54 =    0.7/s Avg:   388 Min:   356 Max:   569 Err:     0 (0.00%)
2026-04-20 00:51:00,382 INFO o.a.j.r.Summariser: summary +     35 in 00:00:29 =    1.2/s Avg:   394 Min:   361 Max:   834 Err:     0 (0.00%) Active: 4 Started: 6 Finished: 2
2026-04-20 00:51:00,382 INFO o.a.j.r.Summariser: summary =    113 in 00:02:24 =    0.8/s Avg:   390 Min:   356 Max:   834 Err:     0 (0.00%)
2026-04-20 00:51:30,321 INFO o.a.j.r.Summariser: summary +     35 in 00:00:30 =    1.2/s Avg:   428 Min:   360 Max:  1171 Err:     0 (0.00%) Active: 4 Started: 6 Finished: 2
2026-04-20 00:51:30,322 INFO o.a.j.r.Summariser: summary =    148 in 00:02:54 =    0.9/s Avg:   399 Min:   356 Max:  1171 Err:     0 (0.00%)
2026-04-20 00:51:33,109 INFO o.a.j.t.JMeterThread: Thread finished: Step 2 - 4 Users 2-1
2026-04-20 00:51:33,158 INFO o.a.j.t.JMeterThread: Thread finished: Step 2 - 4 Users 2-3
2026-04-20 00:51:33,711 INFO o.a.j.t.JMeterThread: Thread finished: Step 2 - 4 Users 2-4
2026-04-20 00:51:34,412 INFO o.a.j.t.JMeterThread: Thread finished: Step 2 - 4 Users 2-2
2026-04-20 00:51:34,413 INFO o.a.j.e.StandardJMeterEngine: Starting ThreadGroup: 3 : Step 3 - 6 Users
2026-04-20 00:51:34,413 INFO o.a.j.e.StandardJMeterEngine: Starting 6 threads for group Step 3 - 6 Users.
2026-04-20 00:51:34,413 INFO o.a.j.e.StandardJMeterEngine: Thread will continue on error
2026-04-20 00:51:34,414 INFO o.a.j.t.ThreadGroup: Starting thread group... number=3 threads=6 ramp-up=10 delayedStart=false
2026-04-20 00:51:34,415 INFO o.a.j.t.JMeterThread: Thread started: Step 3 - 6 Users 3-1
2026-04-20 00:51:34,417 INFO o.a.j.t.ThreadGroup: Started thread group number 3
2026-04-20 00:51:34,418 INFO o.a.j.e.StandardJMeterEngine: Waiting for thread group: Step 3 - 6 Users to finish before starting next group
2026-04-20 00:51:36,083 INFO o.a.j.t.JMeterThread: Thread started: Step 3 - 6 Users 3-2
2026-04-20 00:51:37,750 INFO o.a.j.t.JMeterThread: Thread started: Step 3 - 6 Users 3-3
2026-04-20 00:51:39,417 INFO o.a.j.t.JMeterThread: Thread started: Step 3 - 6 Users 3-4
2026-04-20 00:51:41,087 INFO o.a.j.t.JMeterThread: Thread started: Step 3 - 6 Users 3-5
2026-04-20 00:51:42,756 INFO o.a.j.t.JMeterThread: Thread started: Step 3 - 6 Users 3-6
2026-04-20 00:52:00,166 INFO o.a.j.r.Summariser: summary +     41 in 00:00:30 =    1.4/s Avg:   406 Min:   361 Max:   788 Err:     0 (0.00%) Active: 6 Started: 12 Finished: 6
2026-04-20 00:52:00,167 INFO o.a.j.r.Summariser: summary =    189 in 00:03:23 =    0.9/s Avg:   400 Min:   356 Max:  1171 Err:     0 (0.00%)
2026-04-20 00:52:30,218 INFO o.a.j.r.Summariser: summary +     52 in 00:00:30 =    1.7/s Avg:   401 Min:   364 Max:  1425 Err:     0 (0.00%) Active: 6 Started: 12 Finished: 6
2026-04-20 00:52:30,219 INFO o.a.j.r.Summariser: summary =    241 in 00:03:53 =    1.0/s Avg:   400 Min:   356 Max:  1425 Err:     0 (0.00%)
2026-04-20 00:53:00,945 INFO o.a.j.r.Summariser: summary +     50 in 00:00:31 =    1.6/s Avg:   560 Min:   361 Max:  1434 Err:     0 (0.00%) Active: 6 Started: 12 Finished: 6
2026-04-20 00:53:00,946 INFO o.a.j.r.Summariser: summary =    291 in 00:04:24 =    1.1/s Avg:   428 Min:   356 Max:  1434 Err:     0 (0.00%)
2026-04-20 00:53:04,335 INFO o.a.j.t.JMeterThread: Thread finished: Step 3 - 6 Users 3-2
2026-04-20 00:53:04,410 INFO o.a.j.t.JMeterThread: Thread finished: Step 3 - 6 Users 3-3
2026-04-20 00:53:04,479 INFO o.a.j.t.JMeterThread: Stopping because end time detected by thread: Step 3 - 6 Users 3-1
2026-04-20 00:53:04,480 INFO o.a.j.t.JMeterThread: Thread finished: Step 3 - 6 Users 3-1
2026-04-20 00:53:04,588 INFO o.a.j.t.JMeterThread: Stopping because end time detected by thread: Step 3 - 6 Users 3-5
2026-04-20 00:53:04,589 INFO o.a.j.t.JMeterThread: Thread finished: Step 3 - 6 Users 3-5
2026-04-20 00:53:04,702 INFO o.a.j.t.JMeterThread: Stopping because end time detected by thread: Step 3 - 6 Users 3-4
2026-04-20 00:53:04,702 INFO o.a.j.t.JMeterThread: Thread finished: Step 3 - 6 Users 3-4
2026-04-20 00:53:04,763 INFO o.a.j.t.JMeterThread: Stopping because end time detected by thread: Step 3 - 6 Users 3-6
2026-04-20 00:53:04,763 INFO o.a.j.t.JMeterThread: Thread finished: Step 3 - 6 Users 3-6
2026-04-20 00:53:04,764 INFO o.a.j.e.StandardJMeterEngine: Starting ThreadGroup: 4 : Step 4 - 8 Users
2026-04-20 00:53:04,764 INFO o.a.j.e.StandardJMeterEngine: Starting 8 threads for group Step 4 - 8 Users.
2026-04-20 00:53:04,764 INFO o.a.j.e.StandardJMeterEngine: Thread will continue on error
2026-04-20 00:53:04,764 INFO o.a.j.t.ThreadGroup: Starting thread group... number=4 threads=8 ramp-up=10 delayedStart=false
2026-04-20 00:53:04,765 INFO o.a.j.t.JMeterThread: Thread started: Step 4 - 8 Users 4-1
2026-04-20 00:53:04,768 INFO o.a.j.t.ThreadGroup: Started thread group number 4
2026-04-20 00:53:04,768 INFO o.a.j.e.StandardJMeterEngine: Waiting for thread group: Step 4 - 8 Users to finish before starting next group
2026-04-20 00:53:06,016 INFO o.a.j.t.JMeterThread: Thread started: Step 4 - 8 Users 4-2
2026-04-20 00:53:07,268 INFO o.a.j.t.JMeterThread: Thread started: Step 4 - 8 Users 4-3
2026-04-20 00:53:08,516 INFO o.a.j.t.JMeterThread: Thread started: Step 4 - 8 Users 4-4
2026-04-20 00:53:09,764 INFO o.a.j.t.JMeterThread: Thread started: Step 4 - 8 Users 4-5
2026-04-20 00:53:11,019 INFO o.a.j.t.JMeterThread: Thread started: Step 4 - 8 Users 4-6
2026-04-20 00:53:12,270 INFO o.a.j.t.JMeterThread: Thread started: Step 4 - 8 Users 4-7
2026-04-20 00:53:13,520 INFO o.a.j.t.JMeterThread: Thread started: Step 4 - 8 Users 4-8
2026-04-20 00:53:30,196 INFO o.a.j.r.Summariser: summary +     57 in 00:00:29 =    1.9/s Avg:   407 Min:   361 Max:   834 Err:     0 (0.00%) Active: 8 Started: 20 Finished: 12
2026-04-20 00:53:30,197 INFO o.a.j.r.Summariser: summary =    348 in 00:04:53 =    1.2/s Avg:   425 Min:   356 Max:  1434 Err:     0 (0.00%)
2026-04-20 00:54:00,366 INFO o.a.j.r.Summariser: summary +     71 in 00:00:30 =    2.4/s Avg:   393 Min:   369 Max:   643 Err:     0 (0.00%) Active: 8 Started: 20 Finished: 12
2026-04-20 00:54:00,367 INFO o.a.j.r.Summariser: summary =    419 in 00:05:24 =    1.3/s Avg:   419 Min:   356 Max:  1434 Err:     0 (0.00%)
2026-04-20 00:54:30,104 INFO o.a.j.r.Summariser: summary +     69 in 00:00:30 =    2.3/s Avg:   405 Min:   368 Max:   585 Err:     0 (0.00%) Active: 8 Started: 20 Finished: 12
2026-04-20 00:54:30,105 INFO o.a.j.r.Summariser: summary =    488 in 00:05:53 =    1.4/s Avg:   417 Min:   356 Max:  1434 Err:     0 (0.00%)
2026-04-20 00:54:32,034 INFO o.a.j.t.JMeterThread: Thread finished: Step 4 - 8 Users 4-8
2026-04-20 00:54:32,435 INFO o.a.j.t.JMeterThread: Thread finished: Step 4 - 8 Users 4-3
2026-04-20 00:54:32,802 INFO o.a.j.t.JMeterThread: Thread finished: Step 4 - 8 Users 4-6
2026-04-20 00:54:33,516 INFO o.a.j.t.JMeterThread: Thread finished: Step 4 - 8 Users 4-1
2026-04-20 00:54:33,713 INFO o.a.j.t.JMeterThread: Thread finished: Step 4 - 8 Users 4-4
2026-04-20 00:54:33,865 INFO o.a.j.t.JMeterThread: Thread finished: Step 4 - 8 Users 4-7
2026-04-20 00:54:34,317 INFO o.a.j.t.JMeterThread: Thread finished: Step 4 - 8 Users 4-2
2026-04-20 00:54:34,993 INFO o.a.j.t.JMeterThread: Stopping because end time detected by thread: Step 4 - 8 Users 4-5
2026-04-20 00:54:34,994 INFO o.a.j.t.JMeterThread: Thread finished: Step 4 - 8 Users 4-5
2026-04-20 00:54:34,995 INFO o.a.j.e.StandardJMeterEngine: Starting ThreadGroup: 5 : Step 5 - 10 Users
2026-04-20 00:54:34,995 INFO o.a.j.e.StandardJMeterEngine: Starting 10 threads for group Step 5 - 10 Users.
2026-04-20 00:54:34,995 INFO o.a.j.e.StandardJMeterEngine: Thread will continue on error
2026-04-20 00:54:34,995 INFO o.a.j.t.ThreadGroup: Starting thread group... number=5 threads=10 ramp-up=10 delayedStart=false
2026-04-20 00:54:34,997 INFO o.a.j.t.JMeterThread: Thread started: Step 5 - 10 Users 5-1
2026-04-20 00:54:35,001 INFO o.a.j.t.ThreadGroup: Started thread group number 5
2026-04-20 00:54:35,001 INFO o.a.j.e.StandardJMeterEngine: Waiting for thread group: Step 5 - 10 Users to finish before starting next group
2026-04-20 00:54:36,002 INFO o.a.j.t.JMeterThread: Thread started: Step 5 - 10 Users 5-2
2026-04-20 00:54:37,002 INFO o.a.j.t.JMeterThread: Thread started: Step 5 - 10 Users 5-3
2026-04-20 00:54:38,003 INFO o.a.j.t.JMeterThread: Thread started: Step 5 - 10 Users 5-4
2026-04-20 00:54:39,002 INFO o.a.j.t.JMeterThread: Thread started: Step 5 - 10 Users 5-5
2026-04-20 00:54:40,002 INFO o.a.j.t.JMeterThread: Thread started: Step 5 - 10 Users 5-6
2026-04-20 00:54:41,002 INFO o.a.j.t.JMeterThread: Thread started: Step 5 - 10 Users 5-7
2026-04-20 00:54:41,999 INFO o.a.j.t.JMeterThread: Thread started: Step 5 - 10 Users 5-8
2026-04-20 00:54:43,001 INFO o.a.j.t.JMeterThread: Thread started: Step 5 - 10 Users 5-9
2026-04-20 00:54:43,997 INFO o.a.j.t.JMeterThread: Thread started: Step 5 - 10 Users 5-10
2026-04-20 00:55:00,089 INFO o.a.j.r.Summariser: summary +     68 in 00:00:30 =    2.3/s Avg:   394 Min:   361 Max:   485 Err:     0 (0.00%) Active: 10 Started: 30 Finished: 20
2026-04-20 00:55:00,090 INFO o.a.j.r.Summariser: summary =    556 in 00:06:23 =    1.5/s Avg:   414 Min:   356 Max:  1434 Err:     0 (0.00%)
2026-04-20 00:55:30,261 INFO o.a.j.r.Summariser: summary +     89 in 00:00:30 =    2.9/s Avg:   384 Min:   373 Max:   481 Err:     0 (0.00%) Active: 10 Started: 30 Finished: 20
2026-04-20 00:55:30,262 INFO o.a.j.r.Summariser: summary =    645 in 00:06:54 =    1.6/s Avg:   410 Min:   356 Max:  1434 Err:     0 (0.00%)
2026-04-20 00:56:00,356 INFO o.a.j.r.Summariser: summary +     88 in 00:00:30 =    2.9/s Avg:   453 Min:   373 Max:  1545 Err:     0 (0.00%) Active: 10 Started: 30 Finished: 20
2026-04-20 00:56:00,357 INFO o.a.j.r.Summariser: summary =    733 in 00:07:24 =    1.7/s Avg:   415 Min:   356 Max:  1545 Err:     0 (0.00%)
2026-04-20 00:56:02,191 INFO o.a.j.t.JMeterThread: Thread finished: Step 5 - 10 Users 5-6
2026-04-20 00:56:02,304 INFO o.a.j.t.JMeterThread: Thread finished: Step 5 - 10 Users 5-3
2026-04-20 00:56:02,422 INFO o.a.j.t.JMeterThread: Thread finished: Step 5 - 10 Users 5-9
2026-04-20 00:56:02,422 INFO o.a.j.t.JMeterThread: Thread finished: Step 5 - 10 Users 5-2
2026-04-20 00:56:02,539 INFO o.a.j.t.JMeterThread: Thread finished: Step 5 - 10 Users 5-10
2026-04-20 00:56:02,868 INFO o.a.j.t.JMeterThread: Thread finished: Step 5 - 10 Users 5-7
2026-04-20 00:56:03,005 INFO o.a.j.t.JMeterThread: Thread finished: Step 5 - 10 Users 5-4
2026-04-20 00:56:03,343 INFO o.a.j.t.JMeterThread: Thread finished: Step 5 - 10 Users 5-1
2026-04-20 00:56:03,735 INFO o.a.j.t.JMeterThread: Thread finished: Step 5 - 10 Users 5-8
2026-04-20 00:56:05,170 INFO o.a.j.t.JMeterThread: Stopping because end time detected by thread: Step 5 - 10 Users 5-5
2026-04-20 00:56:05,171 INFO o.a.j.t.JMeterThread: Thread finished: Step 5 - 10 Users 5-5
2026-04-20 00:56:05,171 INFO o.a.j.e.StandardJMeterEngine: Starting ThreadGroup: 6 : Step 6 - 12 Users (nominal)
2026-04-20 00:56:05,172 INFO o.a.j.e.StandardJMeterEngine: Starting 12 threads for group Step 6 - 12 Users (nominal).
2026-04-20 00:56:05,172 INFO o.a.j.e.StandardJMeterEngine: Thread will continue on error
2026-04-20 00:56:05,172 INFO o.a.j.t.ThreadGroup: Starting thread group... number=6 threads=12 ramp-up=15 delayedStart=false
2026-04-20 00:56:05,173 INFO o.a.j.t.JMeterThread: Thread started: Step 6 - 12 Users (nominal) 6-1
2026-04-20 00:56:05,179 INFO o.a.j.t.ThreadGroup: Started thread group number 6
2026-04-20 00:56:05,179 INFO o.a.j.e.StandardJMeterEngine: Waiting for thread group: Step 6 - 12 Users (nominal) to finish before starting next group
2026-04-20 00:56:06,426 INFO o.a.j.t.JMeterThread: Thread started: Step 6 - 12 Users (nominal) 6-2
2026-04-20 00:56:07,676 INFO o.a.j.t.JMeterThread: Thread started: Step 6 - 12 Users (nominal) 6-3
2026-04-20 00:56:08,928 INFO o.a.j.t.JMeterThread: Thread started: Step 6 - 12 Users (nominal) 6-4
2026-04-20 00:56:10,178 INFO o.a.j.t.JMeterThread: Thread started: Step 6 - 12 Users (nominal) 6-5
2026-04-20 00:56:11,424 INFO o.a.j.t.JMeterThread: Thread started: Step 6 - 12 Users (nominal) 6-6
2026-04-20 00:56:12,678 INFO o.a.j.t.JMeterThread: Thread started: Step 6 - 12 Users (nominal) 6-7
2026-04-20 00:56:13,928 INFO o.a.j.t.JMeterThread: Thread started: Step 6 - 12 Users (nominal) 6-8
2026-04-20 00:56:15,178 INFO o.a.j.t.JMeterThread: Thread started: Step 6 - 12 Users (nominal) 6-9
2026-04-20 00:56:16,428 INFO o.a.j.t.JMeterThread: Thread started: Step 6 - 12 Users (nominal) 6-10
2026-04-20 00:56:17,673 INFO o.a.j.t.JMeterThread: Thread started: Step 6 - 12 Users (nominal) 6-11
2026-04-20 00:56:18,928 INFO o.a.j.t.JMeterThread: Thread started: Step 6 - 12 Users (nominal) 6-12
2026-04-20 00:56:31,320 INFO o.a.j.r.Summariser: summary +     69 in 00:00:31 =    2.2/s Avg:   508 Min:   362 Max:  1593 Err:     0 (0.00%) Active: 12 Started: 42 Finished: 30
2026-04-20 00:56:31,321 INFO o.a.j.r.Summariser: summary =    802 in 00:07:55 =    1.7/s Avg:   423 Min:   356 Max:  1593 Err:     0 (0.00%)
2026-04-20 00:57:01,190 INFO o.a.j.r.Summariser: summary +    105 in 00:00:30 =    3.5/s Avg:   444 Min:   376 Max:  1366 Err:     0 (0.00%) Active: 12 Started: 42 Finished: 30
2026-04-20 00:57:01,191 INFO o.a.j.r.Summariser: summary =    907 in 00:08:24 =    1.8/s Avg:   426 Min:   356 Max:  1593 Err:     0 (0.00%)
2026-04-20 00:57:30,742 INFO o.a.j.r.Summariser: summary +     99 in 00:00:30 =    3.4/s Avg:   502 Min:   373 Max:  1463 Err:     0 (0.00%) Active: 12 Started: 42 Finished: 30
2026-04-20 00:57:30,743 INFO o.a.j.r.Summariser: summary =   1006 in 00:08:54 =    1.9/s Avg:   433 Min:   356 Max:  1593 Err:     0 (0.00%)
2026-04-20 00:57:32,181 INFO o.a.j.t.JMeterThread: Thread finished: Step 6 - 12 Users (nominal) 6-4
2026-04-20 00:57:32,229 INFO o.a.j.t.JMeterThread: Thread finished: Step 6 - 12 Users (nominal) 6-7
2026-04-20 00:57:34,121 INFO o.a.j.t.JMeterThread: Thread finished: Step 6 - 12 Users (nominal) 6-2
2026-04-20 00:57:34,233 INFO o.a.j.t.JMeterThread: Thread finished: Step 6 - 12 Users (nominal) 6-1
2026-04-20 00:57:34,364 INFO o.a.j.t.JMeterThread: Thread finished: Step 6 - 12 Users (nominal) 6-10
2026-04-20 00:57:34,494 INFO o.a.j.t.JMeterThread: Thread finished: Step 6 - 12 Users (nominal) 6-11
2026-04-20 00:57:34,544 INFO o.a.j.t.JMeterThread: Thread finished: Step 6 - 12 Users (nominal) 6-5
2026-04-20 00:57:34,544 INFO o.a.j.t.JMeterThread: Thread finished: Step 6 - 12 Users (nominal) 6-6
2026-04-20 00:57:34,544 INFO o.a.j.t.JMeterThread: Thread finished: Step 6 - 12 Users (nominal) 6-8
2026-04-20 00:57:34,544 INFO o.a.j.t.JMeterThread: Thread finished: Step 6 - 12 Users (nominal) 6-12
2026-04-20 00:57:34,641 INFO o.a.j.t.JMeterThread: Thread finished: Step 6 - 12 Users (nominal) 6-3
2026-04-20 00:57:35,390 INFO o.a.j.t.JMeterThread: Stopping because end time detected by thread: Step 6 - 12 Users (nominal) 6-9
2026-04-20 00:57:35,390 INFO o.a.j.t.JMeterThread: Thread finished: Step 6 - 12 Users (nominal) 6-9
2026-04-20 00:57:35,391 INFO o.a.j.e.StandardJMeterEngine: Starting ThreadGroup: 7 : Step 7 - 16 Users
2026-04-20 00:57:35,391 INFO o.a.j.e.StandardJMeterEngine: Starting 16 threads for group Step 7 - 16 Users.
2026-04-20 00:57:35,391 INFO o.a.j.e.StandardJMeterEngine: Thread will continue on error
2026-04-20 00:57:35,392 INFO o.a.j.t.ThreadGroup: Starting thread group... number=7 threads=16 ramp-up=15 delayedStart=false
2026-04-20 00:57:35,393 INFO o.a.j.t.JMeterThread: Thread started: Step 7 - 16 Users 7-1
2026-04-20 00:57:35,401 INFO o.a.j.t.ThreadGroup: Started thread group number 7
2026-04-20 00:57:35,401 INFO o.a.j.e.StandardJMeterEngine: Waiting for thread group: Step 7 - 16 Users to finish before starting next group
2026-04-20 00:57:36,335 INFO o.a.j.t.JMeterThread: Thread started: Step 7 - 16 Users 7-2
2026-04-20 00:57:37,273 INFO o.a.j.t.JMeterThread: Thread started: Step 7 - 16 Users 7-3
2026-04-20 00:57:38,211 INFO o.a.j.t.JMeterThread: Thread started: Step 7 - 16 Users 7-4
2026-04-20 00:57:39,148 INFO o.a.j.t.JMeterThread: Thread started: Step 7 - 16 Users 7-5
2026-04-20 00:57:40,087 INFO o.a.j.t.JMeterThread: Thread started: Step 7 - 16 Users 7-6
2026-04-20 00:57:41,030 INFO o.a.j.t.JMeterThread: Thread started: Step 7 - 16 Users 7-7
2026-04-20 00:57:41,965 INFO o.a.j.t.JMeterThread: Thread started: Step 7 - 16 Users 7-8
2026-04-20 00:57:42,901 INFO o.a.j.t.JMeterThread: Thread started: Step 7 - 16 Users 7-9
2026-04-20 00:57:43,839 INFO o.a.j.t.JMeterThread: Thread started: Step 7 - 16 Users 7-10
2026-04-20 00:57:44,778 INFO o.a.j.t.JMeterThread: Thread started: Step 7 - 16 Users 7-11
2026-04-20 00:57:45,716 INFO o.a.j.t.JMeterThread: Thread started: Step 7 - 16 Users 7-12
2026-04-20 00:57:46,650 INFO o.a.j.t.JMeterThread: Thread started: Step 7 - 16 Users 7-13
2026-04-20 00:57:47,591 INFO o.a.j.t.JMeterThread: Thread started: Step 7 - 16 Users 7-14
2026-04-20 00:57:48,528 INFO o.a.j.t.JMeterThread: Thread started: Step 7 - 16 Users 7-15
2026-04-20 00:57:49,464 INFO o.a.j.t.JMeterThread: Thread started: Step 7 - 16 Users 7-16
2026-04-20 00:58:00,128 INFO o.a.j.r.Summariser: summary +     97 in 00:00:29 =    3.3/s Avg:   432 Min:   361 Max:   998 Err:     0 (0.00%) Active: 16 Started: 58 Finished: 42
2026-04-20 00:58:00,129 INFO o.a.j.r.Summariser: summary =   1103 in 00:09:23 =    2.0/s Avg:   433 Min:   356 Max:  1593 Err:     0 (0.00%)
2026-04-20 00:58:31,132 INFO o.a.j.r.Summariser: summary +    137 in 00:00:31 =    4.4/s Avg:   498 Min:   383 Max:  1638 Err:     0 (0.00%) Active: 16 Started: 58 Finished: 42
2026-04-20 00:58:31,133 INFO o.a.j.r.Summariser: summary =   1240 in 00:09:54 =    2.1/s Avg:   440 Min:   356 Max:  1638 Err:     0 (0.00%)
2026-04-20 00:59:00,344 INFO o.a.j.r.Summariser: summary +    139 in 00:00:29 =    4.8/s Avg:   431 Min:   385 Max:   610 Err:     0 (0.00%) Active: 16 Started: 58 Finished: 42
2026-04-20 00:59:00,345 INFO o.a.j.r.Summariser: summary =   1379 in 00:10:24 =    2.2/s Avg:   439 Min:   356 Max:  1638 Err:     0 (0.00%)
2026-04-20 00:59:02,446 INFO o.a.j.t.JMeterThread: Thread finished: Step 7 - 16 Users 7-6
2026-04-20 00:59:02,573 INFO o.a.j.t.JMeterThread: Thread finished: Step 7 - 16 Users 7-10
2026-04-20 00:59:02,673 INFO o.a.j.t.JMeterThread: Thread finished: Step 7 - 16 Users 7-13
2026-04-20 00:59:02,673 INFO o.a.j.t.JMeterThread: Thread finished: Step 7 - 16 Users 7-2
2026-04-20 00:59:03,741 INFO o.a.j.t.JMeterThread: Thread finished: Step 7 - 16 Users 7-7
2026-04-20 00:59:03,864 INFO o.a.j.t.JMeterThread: Thread finished: Step 7 - 16 Users 7-11
2026-04-20 00:59:04,036 INFO o.a.j.t.JMeterThread: Thread finished: Step 7 - 16 Users 7-4
2026-04-20 00:59:04,199 INFO o.a.j.t.JMeterThread: Thread finished: Step 7 - 16 Users 7-3
2026-04-20 00:59:04,299 INFO o.a.j.t.JMeterThread: Thread finished: Step 7 - 16 Users 7-14
2026-04-20 00:59:05,353 INFO o.a.j.t.JMeterThread: Thread finished: Step 7 - 16 Users 7-1
2026-04-20 00:59:05,480 INFO o.a.j.t.JMeterThread: Stopping because end time detected by thread: Step 7 - 16 Users 7-9
2026-04-20 00:59:05,480 INFO o.a.j.t.JMeterThread: Thread finished: Step 7 - 16 Users 7-9
2026-04-20 00:59:05,581 INFO o.a.j.t.JMeterThread: Stopping because end time detected by thread: Step 7 - 16 Users 7-8
2026-04-20 00:59:05,581 INFO o.a.j.t.JMeterThread: Thread finished: Step 7 - 16 Users 7-8
2026-04-20 00:59:05,716 INFO o.a.j.t.JMeterThread: Stopping because end time detected by thread: Step 7 - 16 Users 7-12
2026-04-20 00:59:05,716 INFO o.a.j.t.JMeterThread: Thread finished: Step 7 - 16 Users 7-12
2026-04-20 00:59:05,819 INFO o.a.j.t.JMeterThread: Stopping because end time detected by thread: Step 7 - 16 Users 7-16
2026-04-20 00:59:05,819 INFO o.a.j.t.JMeterThread: Stopping because end time detected by thread: Step 7 - 16 Users 7-15
2026-04-20 00:59:05,819 INFO o.a.j.t.JMeterThread: Stopping because end time detected by thread: Step 7 - 16 Users 7-5
2026-04-20 00:59:05,819 INFO o.a.j.t.JMeterThread: Thread finished: Step 7 - 16 Users 7-16
2026-04-20 00:59:05,819 INFO o.a.j.t.JMeterThread: Thread finished: Step 7 - 16 Users 7-5
2026-04-20 00:59:05,819 INFO o.a.j.t.JMeterThread: Thread finished: Step 7 - 16 Users 7-15
2026-04-20 00:59:05,820 INFO o.a.j.e.StandardJMeterEngine: Starting ThreadGroup: 8 : Step 8 - 20 Users
2026-04-20 00:59:05,820 INFO o.a.j.e.StandardJMeterEngine: Starting 20 threads for group Step 8 - 20 Users.
2026-04-20 00:59:05,820 INFO o.a.j.e.StandardJMeterEngine: Thread will continue on error
2026-04-20 00:59:05,820 INFO o.a.j.t.ThreadGroup: Starting thread group... number=8 threads=20 ramp-up=20 delayedStart=false
2026-04-20 00:59:05,822 INFO o.a.j.t.JMeterThread: Thread started: Step 8 - 20 Users 8-1
2026-04-20 00:59:05,827 INFO o.a.j.t.ThreadGroup: Started thread group number 8
2026-04-20 00:59:05,827 INFO o.a.j.e.StandardJMeterEngine: Waiting for thread group: Step 8 - 20 Users to finish before starting next group
2026-04-20 00:59:06,826 INFO o.a.j.t.JMeterThread: Thread started: Step 8 - 20 Users 8-2
2026-04-20 00:59:07,825 INFO o.a.j.t.JMeterThread: Thread started: Step 8 - 20 Users 8-3
2026-04-20 00:59:08,827 INFO o.a.j.t.JMeterThread: Thread started: Step 8 - 20 Users 8-4
2026-04-20 00:59:09,825 INFO o.a.j.t.JMeterThread: Thread started: Step 8 - 20 Users 8-5
2026-04-20 00:59:10,825 INFO o.a.j.t.JMeterThread: Thread started: Step 8 - 20 Users 8-6
2026-04-20 00:59:11,825 INFO o.a.j.t.JMeterThread: Thread started: Step 8 - 20 Users 8-7
2026-04-20 00:59:12,825 INFO o.a.j.t.JMeterThread: Thread started: Step 8 - 20 Users 8-8
2026-04-20 00:59:13,822 INFO o.a.j.t.JMeterThread: Thread started: Step 8 - 20 Users 8-9
2026-04-20 00:59:14,827 INFO o.a.j.t.JMeterThread: Thread started: Step 8 - 20 Users 8-10
2026-04-20 00:59:15,825 INFO o.a.j.t.JMeterThread: Thread started: Step 8 - 20 Users 8-11
2026-04-20 00:59:16,820 INFO o.a.j.t.JMeterThread: Thread started: Step 8 - 20 Users 8-12
2026-04-20 00:59:17,827 INFO o.a.j.t.JMeterThread: Thread started: Step 8 - 20 Users 8-13
2026-04-20 00:59:18,825 INFO o.a.j.t.JMeterThread: Thread started: Step 8 - 20 Users 8-14
2026-04-20 00:59:19,825 INFO o.a.j.t.JMeterThread: Thread started: Step 8 - 20 Users 8-15
2026-04-20 00:59:20,823 INFO o.a.j.t.JMeterThread: Thread started: Step 8 - 20 Users 8-16
2026-04-20 00:59:21,823 INFO o.a.j.t.JMeterThread: Thread started: Step 8 - 20 Users 8-17
2026-04-20 00:59:22,826 INFO o.a.j.t.JMeterThread: Thread started: Step 8 - 20 Users 8-18
2026-04-20 00:59:23,822 INFO o.a.j.t.JMeterThread: Thread started: Step 8 - 20 Users 8-19
2026-04-20 00:59:24,822 INFO o.a.j.t.JMeterThread: Thread started: Step 8 - 20 Users 8-20
2026-04-20 00:59:30,156 INFO o.a.j.r.Summariser: summary +    104 in 00:00:30 =    3.5/s Avg:   414 Min:   360 Max:   537 Err:     0 (0.00%) Active: 20 Started: 78 Finished: 58
2026-04-20 00:59:30,157 INFO o.a.j.r.Summariser: summary =   1483 in 00:10:53 =    2.3/s Avg:   438 Min:   356 Max:  1638 Err:     0 (0.00%)
2026-04-20 01:00:00,039 INFO o.a.j.r.Summariser: summary +    175 in 00:00:30 =    5.9/s Avg:   421 Min:   394 Max:   551 Err:     0 (0.00%) Active: 20 Started: 78 Finished: 58
2026-04-20 01:00:00,040 INFO o.a.j.r.Summariser: summary =   1658 in 00:11:23 =    2.4/s Avg:   436 Min:   356 Max:  1638 Err:     0 (0.00%)
2026-04-20 01:00:30,040 INFO o.a.j.r.Summariser: summary +    174 in 00:00:30 =    5.8/s Avg:   442 Min:   399 Max:   597 Err:     0 (0.00%) Active: 20 Started: 78 Finished: 58
2026-04-20 01:00:30,041 INFO o.a.j.r.Summariser: summary =   1832 in 00:11:53 =    2.6/s Avg:   436 Min:   356 Max:  1638 Err:     0 (0.00%)
2026-04-20 01:00:32,838 INFO o.a.j.t.JMeterThread: Thread finished: Step 8 - 20 Users 8-9
2026-04-20 01:00:33,168 INFO o.a.j.t.JMeterThread: Thread finished: Step 8 - 20 Users 8-16
2026-04-20 01:00:33,217 INFO o.a.j.t.JMeterThread: Thread finished: Step 8 - 20 Users 8-13
2026-04-20 01:00:33,260 INFO o.a.j.t.JMeterThread: Thread finished: Step 8 - 20 Users 8-6
2026-04-20 01:00:33,446 INFO o.a.j.t.JMeterThread: Thread finished: Step 8 - 20 Users 8-3
2026-04-20 01:00:33,685 INFO o.a.j.t.JMeterThread: Thread finished: Step 8 - 20 Users 8-20
2026-04-20 01:00:33,735 INFO o.a.j.t.JMeterThread: Thread finished: Step 8 - 20 Users 8-10
2026-04-20 01:00:33,903 INFO o.a.j.t.JMeterThread: Thread finished: Step 8 - 20 Users 8-17
2026-04-20 01:00:34,088 INFO o.a.j.t.JMeterThread: Thread finished: Step 8 - 20 Users 8-7
2026-04-20 01:00:34,362 INFO o.a.j.t.JMeterThread: Thread finished: Step 8 - 20 Users 8-4
2026-04-20 01:00:34,475 INFO o.a.j.t.JMeterThread: Thread finished: Step 8 - 20 Users 8-14
2026-04-20 01:00:34,634 INFO o.a.j.t.JMeterThread: Thread finished: Step 8 - 20 Users 8-11
2026-04-20 01:00:34,870 INFO o.a.j.t.JMeterThread: Thread finished: Step 8 - 20 Users 8-1
2026-04-20 01:00:35,160 INFO o.a.j.t.JMeterThread: Thread finished: Step 8 - 20 Users 8-8
2026-04-20 01:00:35,262 INFO o.a.j.t.JMeterThread: Thread finished: Step 8 - 20 Users 8-18
2026-04-20 01:00:35,317 INFO o.a.j.t.JMeterThread: Thread finished: Step 8 - 20 Users 8-15
2026-04-20 01:00:35,555 INFO o.a.j.t.JMeterThread: Thread finished: Step 8 - 20 Users 8-12
2026-04-20 01:00:35,661 INFO o.a.j.t.JMeterThread: Thread finished: Step 8 - 20 Users 8-5
2026-04-20 01:00:35,957 INFO o.a.j.t.JMeterThread: Stopping because end time detected by thread: Step 8 - 20 Users 8-19
2026-04-20 01:00:35,957 INFO o.a.j.t.JMeterThread: Thread finished: Step 8 - 20 Users 8-19
2026-04-20 01:00:36,196 INFO o.a.j.t.JMeterThread: Stopping because end time detected by thread: Step 8 - 20 Users 8-2
2026-04-20 01:00:36,196 INFO o.a.j.t.JMeterThread: Thread finished: Step 8 - 20 Users 8-2
2026-04-20 01:00:36,197 INFO o.a.j.e.StandardJMeterEngine: Starting ThreadGroup: 9 : Step 9 - 30 Users
2026-04-20 01:00:36,197 INFO o.a.j.e.StandardJMeterEngine: Starting 30 threads for group Step 9 - 30 Users.
2026-04-20 01:00:36,197 INFO o.a.j.e.StandardJMeterEngine: Thread will continue on error
2026-04-20 01:00:36,198 INFO o.a.j.t.ThreadGroup: Starting thread group... number=9 threads=30 ramp-up=20 delayedStart=false
2026-04-20 01:00:36,199 INFO o.a.j.t.JMeterThread: Thread started: Step 9 - 30 Users 9-1
2026-04-20 01:00:36,207 INFO o.a.j.t.ThreadGroup: Started thread group number 9
2026-04-20 01:00:36,207 INFO o.a.j.e.StandardJMeterEngine: All thread groups have been started
2026-04-20 01:00:36,870 INFO o.a.j.t.JMeterThread: Thread started: Step 9 - 30 Users 9-2
2026-04-20 01:00:37,537 INFO o.a.j.t.JMeterThread: Thread started: Step 9 - 30 Users 9-3
2026-04-20 01:00:38,203 INFO o.a.j.t.JMeterThread: Thread started: Step 9 - 30 Users 9-4
2026-04-20 01:00:38,870 INFO o.a.j.t.JMeterThread: Thread started: Step 9 - 30 Users 9-5
2026-04-20 01:00:39,537 INFO o.a.j.t.JMeterThread: Thread started: Step 9 - 30 Users 9-6
2026-04-20 01:00:40,206 INFO o.a.j.t.JMeterThread: Thread started: Step 9 - 30 Users 9-7
2026-04-20 01:00:40,872 INFO o.a.j.t.JMeterThread: Thread started: Step 9 - 30 Users 9-8
2026-04-20 01:00:41,535 INFO o.a.j.t.JMeterThread: Thread started: Step 9 - 30 Users 9-9
2026-04-20 01:00:42,203 INFO o.a.j.t.JMeterThread: Thread started: Step 9 - 30 Users 9-10
2026-04-20 01:00:42,869 INFO o.a.j.t.JMeterThread: Thread started: Step 9 - 30 Users 9-11
2026-04-20 01:00:43,536 INFO o.a.j.t.JMeterThread: Thread started: Step 9 - 30 Users 9-12
2026-04-20 01:00:44,202 INFO o.a.j.t.JMeterThread: Thread started: Step 9 - 30 Users 9-13
2026-04-20 01:00:44,875 INFO o.a.j.t.JMeterThread: Thread started: Step 9 - 30 Users 9-14
2026-04-20 01:00:45,541 INFO o.a.j.t.JMeterThread: Thread started: Step 9 - 30 Users 9-15
2026-04-20 01:00:46,208 INFO o.a.j.t.JMeterThread: Thread started: Step 9 - 30 Users 9-16
2026-04-20 01:00:46,876 INFO o.a.j.t.JMeterThread: Thread started: Step 9 - 30 Users 9-17
2026-04-20 01:00:47,543 INFO o.a.j.t.JMeterThread: Thread started: Step 9 - 30 Users 9-18
2026-04-20 01:00:48,209 INFO o.a.j.t.JMeterThread: Thread started: Step 9 - 30 Users 9-19
2026-04-20 01:00:48,876 INFO o.a.j.t.JMeterThread: Thread started: Step 9 - 30 Users 9-20
2026-04-20 01:00:49,544 INFO o.a.j.t.JMeterThread: Thread started: Step 9 - 30 Users 9-21
2026-04-20 01:00:50,210 INFO o.a.j.t.JMeterThread: Thread started: Step 9 - 30 Users 9-22
2026-04-20 01:00:50,877 INFO o.a.j.t.JMeterThread: Thread started: Step 9 - 30 Users 9-23
2026-04-20 01:00:51,541 INFO o.a.j.t.JMeterThread: Thread started: Step 9 - 30 Users 9-24
2026-04-20 01:00:52,209 INFO o.a.j.t.JMeterThread: Thread started: Step 9 - 30 Users 9-25
2026-04-20 01:00:52,878 INFO o.a.j.t.JMeterThread: Thread started: Step 9 - 30 Users 9-26
2026-04-20 01:00:53,545 INFO o.a.j.t.JMeterThread: Thread started: Step 9 - 30 Users 9-27
2026-04-20 01:00:54,208 INFO o.a.j.t.JMeterThread: Thread started: Step 9 - 30 Users 9-28
2026-04-20 01:00:54,879 INFO o.a.j.t.JMeterThread: Thread started: Step 9 - 30 Users 9-29
2026-04-20 01:00:55,547 INFO o.a.j.t.JMeterThread: Thread started: Step 9 - 30 Users 9-30
2026-04-20 01:01:00,545 INFO o.a.j.r.Summariser: summary +    136 in 00:00:31 =    4.5/s Avg:   490 Min:   363 Max:  1703 Err:     0 (0.00%) Active: 30 Started: 108 Finished: 78
2026-04-20 01:01:00,546 INFO o.a.j.r.Summariser: summary =   1968 in 00:12:24 =    2.6/s Avg:   440 Min:   356 Max:  1703 Err:     0 (0.00%)
2026-04-20 01:01:30,080 INFO o.a.j.r.Summariser: summary +    261 in 00:00:30 =    8.8/s Avg:   502 Min:   419 Max:  1622 Err:     0 (0.00%) Active: 30 Started: 108 Finished: 78
2026-04-20 01:01:30,081 INFO o.a.j.r.Summariser: summary =   2229 in 00:12:53 =    2.9/s Avg:   447 Min:   356 Max:  1703 Err:     0 (0.00%)
2026-04-20 01:02:00,059 INFO o.a.j.r.Summariser: summary +    263 in 00:00:30 =    8.8/s Avg:   493 Min:   422 Max:  1028 Err:     0 (0.00%) Active: 30 Started: 108 Finished: 78
2026-04-20 01:02:00,060 INFO o.a.j.r.Summariser: summary =   2492 in 00:13:23 =    3.1/s Avg:   452 Min:   356 Max:  1703 Err:     0 (0.00%)
2026-04-20 01:02:03,344 INFO o.a.j.t.JMeterThread: Thread finished: Step 9 - 30 Users 9-27
2026-04-20 01:02:03,357 INFO o.a.j.t.JMeterThread: Thread finished: Step 9 - 30 Users 9-5
2026-04-20 01:02:03,357 INFO o.a.j.t.JMeterThread: Thread finished: Step 9 - 30 Users 9-11
2026-04-20 01:02:03,357 INFO o.a.j.t.JMeterThread: Thread finished: Step 9 - 30 Users 9-2
2026-04-20 01:02:03,357 INFO o.a.j.t.JMeterThread: Thread finished: Step 9 - 30 Users 9-17
2026-04-20 01:02:03,357 INFO o.a.j.t.JMeterThread: Thread finished: Step 9 - 30 Users 9-6
2026-04-20 01:02:03,391 INFO o.a.j.t.JMeterThread: Thread finished: Step 9 - 30 Users 9-16
2026-04-20 01:02:03,457 INFO o.a.j.t.JMeterThread: Thread finished: Step 9 - 30 Users 9-10
2026-04-20 01:02:03,560 INFO o.a.j.t.JMeterThread: Thread finished: Step 9 - 30 Users 9-22
2026-04-20 01:02:03,712 INFO o.a.j.t.JMeterThread: Thread finished: Step 9 - 30 Users 9-23
2026-04-20 01:02:03,814 INFO o.a.j.t.JMeterThread: Thread finished: Step 9 - 30 Users 9-7
2026-04-20 01:02:03,814 INFO o.a.j.t.JMeterThread: Thread finished: Step 9 - 30 Users 9-28
2026-04-20 01:02:03,814 INFO o.a.j.t.JMeterThread: Thread finished: Step 9 - 30 Users 9-12
2026-04-20 01:02:04,846 INFO o.a.j.t.JMeterThread: Thread finished: Step 9 - 30 Users 9-24
2026-04-20 01:02:04,955 INFO o.a.j.t.JMeterThread: Thread finished: Step 9 - 30 Users 9-29
2026-04-20 01:02:05,101 INFO o.a.j.t.JMeterThread: Thread finished: Step 9 - 30 Users 9-13
2026-04-20 01:02:05,207 INFO o.a.j.t.JMeterThread: Thread finished: Step 9 - 30 Users 9-4
2026-04-20 01:02:05,207 INFO o.a.j.t.JMeterThread: Thread finished: Step 9 - 30 Users 9-14
2026-04-20 01:02:05,207 INFO o.a.j.t.JMeterThread: Thread finished: Step 9 - 30 Users 9-8
2026-04-20 01:02:05,311 INFO o.a.j.t.JMeterThread: Thread finished: Step 9 - 30 Users 9-30
2026-04-20 01:02:06,559 INFO o.a.j.t.JMeterThread: Stopping because end time detected by thread: Step 9 - 30 Users 9-25
2026-04-20 01:02:06,559 INFO o.a.j.t.JMeterThread: Stopping because end time detected by thread: Step 9 - 30 Users 9-18
2026-04-20 01:02:06,559 INFO o.a.j.t.JMeterThread: Stopping because end time detected by thread: Step 9 - 30 Users 9-9
2026-04-20 01:02:06,559 INFO o.a.j.t.JMeterThread: Stopping because end time detected by thread: Step 9 - 30 Users 9-3
2026-04-20 01:02:06,559 INFO o.a.j.t.JMeterThread: Thread finished: Step 9 - 30 Users 9-25
2026-04-20 01:02:06,559 INFO o.a.j.t.JMeterThread: Thread finished: Step 9 - 30 Users 9-9
2026-04-20 01:02:06,559 INFO o.a.j.t.JMeterThread: Thread finished: Step 9 - 30 Users 9-3
2026-04-20 01:02:06,559 INFO o.a.j.t.JMeterThread: Thread finished: Step 9 - 30 Users 9-18
2026-04-20 01:02:06,608 INFO o.a.j.t.JMeterThread: Stopping because end time detected by thread: Step 9 - 30 Users 9-20
2026-04-20 01:02:06,608 INFO o.a.j.t.JMeterThread: Stopping because end time detected by thread: Step 9 - 30 Users 9-21
2026-04-20 01:02:06,608 INFO o.a.j.t.JMeterThread: Stopping because end time detected by thread: Step 9 - 30 Users 9-1
2026-04-20 01:02:06,608 INFO o.a.j.t.JMeterThread: Stopping because end time detected by thread: Step 9 - 30 Users 9-19
2026-04-20 01:02:06,608 INFO o.a.j.t.JMeterThread: Thread finished: Step 9 - 30 Users 9-20
2026-04-20 01:02:06,608 INFO o.a.j.t.JMeterThread: Thread finished: Step 9 - 30 Users 9-21
2026-04-20 01:02:06,608 INFO o.a.j.t.JMeterThread: Thread finished: Step 9 - 30 Users 9-19
2026-04-20 01:02:06,608 INFO o.a.j.t.JMeterThread: Stopping because end time detected by thread: Step 9 - 30 Users 9-15
2026-04-20 01:02:06,609 INFO o.a.j.t.JMeterThread: Thread finished: Step 9 - 30 Users 9-15
2026-04-20 01:02:06,609 INFO o.a.j.t.JMeterThread: Thread finished: Step 9 - 30 Users 9-1
2026-04-20 01:02:06,978 INFO o.a.j.t.JMeterThread: Stopping because end time detected by thread: Step 9 - 30 Users 9-26
2026-04-20 01:02:06,979 INFO o.a.j.t.JMeterThread: Thread finished: Step 9 - 30 Users 9-26
2026-04-20 01:02:06,979 INFO o.a.j.e.StandardJMeterEngine: Notifying test listeners of end of test
2026-04-20 01:02:06,981 INFO o.a.j.r.Summariser: summary +     51 in 00:00:07 =    7.4/s Avg:   549 Min:   425 Max:  1211 Err:     0 (0.00%) Active: 0 Started: 108 Finished: 108
2026-04-20 01:02:06,982 INFO o.a.j.r.Summariser: summary =   2543 in 00:13:30 =    3.1/s Avg:   454 Min:   356 Max:  1703 Err:     0 (0.00%)
